<?xml version="1.0" encoding="UTF-8"?>
<!-- Generated by org.testng.reporters.JUnitReportReporter -->
<testsuite skipped="0" hostname="Anas" name="script.TestLoginLogout" tests="1" failures="0" timestamp="01 Oct 2018 09:10:59 GMT" time="27.693" errors="0">
  <testcase name="testLoginLogout" time="27.693" classname="script.TestLoginLogout"/>
</testsuite> <!-- script.TestLoginLogout -->
