<?xml version="1.0" encoding="UTF-8"?>
<!-- Generated by org.testng.reporters.JUnitReportReporter -->
<testsuite skipped="0" hostname="Anas" name="script.TestDemo" tests="1" failures="0" timestamp="27 Sep 2018 06:36:49 GMT" time="34.333" errors="0">
  <testcase name="testA" time="34.333" classname="script.TestDemo"/>
</testsuite> <!-- script.TestDemo -->
