<?xml version="1.0" encoding="UTF-8"?>
<!-- Generated by org.testng.reporters.JUnitReportReporter -->
<testsuite skipped="0" hostname="Anas" name="script.TestDemo2" tests="1" failures="0" timestamp="28 Sep 2018 08:23:57 GMT" time="22.090" errors="0">
  <testcase name="testA" time="22.090" classname="script.TestDemo2"/>
</testsuite> <!-- script.TestDemo2 -->
